running egg_info
creating build/tuto_move/tuto_move.egg-info
writing build/tuto_move/tuto_move.egg-info/PKG-INFO
writing dependency_links to build/tuto_move/tuto_move.egg-info/dependency_links.txt
writing entry points to build/tuto_move/tuto_move.egg-info/entry_points.txt
writing requirements to build/tuto_move/tuto_move.egg-info/requires.txt
writing top-level names to build/tuto_move/tuto_move.egg-info/top_level.txt
writing manifest file 'build/tuto_move/tuto_move.egg-info/SOURCES.txt'
reading manifest file 'build/tuto_move/tuto_move.egg-info/SOURCES.txt'
writing manifest file 'build/tuto_move/tuto_move.egg-info/SOURCES.txt'
running build
running build_py
creating /home/bot/ros2_ws/tuto_move/build/tuto_move/build
creating /home/bot/ros2_ws/tuto_move/build/tuto_move/build/lib
creating /home/bot/ros2_ws/tuto_move/build/tuto_move/build/lib/tuto_move
copying tuto_move/move_test.py -> /home/bot/ros2_ws/tuto_move/build/tuto_move/build/lib/tuto_move
copying tuto_move/turn_left_45.py -> /home/bot/ros2_ws/tuto_move/build/tuto_move/build/lib/tuto_move
copying tuto_move/__init__.py -> /home/bot/ros2_ws/tuto_move/build/tuto_move/build/lib/tuto_move
copying tuto_move/move_1m.py -> /home/bot/ros2_ws/tuto_move/build/tuto_move/build/lib/tuto_move
running install
running install_lib
creating /home/bot/ros2_ws/tuto_move/install/tuto_move/lib/python3.8/site-packages/tuto_move
copying /home/bot/ros2_ws/tuto_move/build/tuto_move/build/lib/tuto_move/move_test.py -> /home/bot/ros2_ws/tuto_move/install/tuto_move/lib/python3.8/site-packages/tuto_move
copying /home/bot/ros2_ws/tuto_move/build/tuto_move/build/lib/tuto_move/turn_left_45.py -> /home/bot/ros2_ws/tuto_move/install/tuto_move/lib/python3.8/site-packages/tuto_move
copying /home/bot/ros2_ws/tuto_move/build/tuto_move/build/lib/tuto_move/__init__.py -> /home/bot/ros2_ws/tuto_move/install/tuto_move/lib/python3.8/site-packages/tuto_move
copying /home/bot/ros2_ws/tuto_move/build/tuto_move/build/lib/tuto_move/move_1m.py -> /home/bot/ros2_ws/tuto_move/install/tuto_move/lib/python3.8/site-packages/tuto_move
byte-compiling /home/bot/ros2_ws/tuto_move/install/tuto_move/lib/python3.8/site-packages/tuto_move/move_test.py to move_test.cpython-38.pyc
byte-compiling /home/bot/ros2_ws/tuto_move/install/tuto_move/lib/python3.8/site-packages/tuto_move/turn_left_45.py to turn_left_45.cpython-38.pyc
byte-compiling /home/bot/ros2_ws/tuto_move/install/tuto_move/lib/python3.8/site-packages/tuto_move/__init__.py to __init__.cpython-38.pyc
byte-compiling /home/bot/ros2_ws/tuto_move/install/tuto_move/lib/python3.8/site-packages/tuto_move/move_1m.py to move_1m.cpython-38.pyc
running install_data
creating /home/bot/ros2_ws/tuto_move/install/tuto_move/share/ament_index
creating /home/bot/ros2_ws/tuto_move/install/tuto_move/share/ament_index/resource_index
creating /home/bot/ros2_ws/tuto_move/install/tuto_move/share/ament_index/resource_index/packages
copying resource/tuto_move -> /home/bot/ros2_ws/tuto_move/install/tuto_move/share/ament_index/resource_index/packages
copying package.xml -> /home/bot/ros2_ws/tuto_move/install/tuto_move/share/tuto_move
running install_egg_info
Copying build/tuto_move/tuto_move.egg-info to /home/bot/ros2_ws/tuto_move/install/tuto_move/lib/python3.8/site-packages/tuto_move-0.0.0-py3.8.egg-info
running install_scripts
Installing move_1m script to /home/bot/ros2_ws/tuto_move/install/tuto_move/lib/tuto_move
Installing move_test script to /home/bot/ros2_ws/tuto_move/install/tuto_move/lib/tuto_move
Installing turn_left_45 script to /home/bot/ros2_ws/tuto_move/install/tuto_move/lib/tuto_move
writing list of installed files to '/home/bot/ros2_ws/tuto_move/build/tuto_move/install.log'
