[0.188s] DEBUG:colcon:Command line arguments: ['/usr/bin/colcon', 'build']
[0.189s] DEBUG:colcon:Parsed command line arguments: Namespace(allow_overriding=[], ament_cmake_args=None, base_paths=['.'], build_base='build', catkin_cmake_args=None, catkin_skip_building_tests=False, cmake_args=None, cmake_clean_cache=False, cmake_clean_first=False, cmake_force_configure=False, cmake_target=None, cmake_target_skip_unavailable=False, continue_on_error=False, event_handlers=None, executor='parallel', ignore_user_meta=False, install_base='install', log_base=None, log_level=None, main=<bound method BuildVerb.main of <colcon_core.verb.build.BuildVerb object at 0x7ff1fd322910>>, merge_install=False, metas=['./colcon.meta'], packages_above=None, packages_above_and_dependencies=None, packages_above_depth=None, packages_end=None, packages_ignore=None, packages_ignore_regex=None, packages_select=None, packages_select_build_failed=False, packages_select_by_dep=None, packages_select_regex=None, packages_select_test_failures=False, packages_skip=None, packages_skip_build_finished=False, packages_skip_by_dep=None, packages_skip_regex=None, packages_skip_test_passed=False, packages_skip_up_to=None, packages_start=None, packages_up_to=None, packages_up_to_regex=None, parallel_workers=8, paths=None, symlink_install=False, test_result_base=None, verb_extension=<colcon_core.verb.build.BuildVerb object at 0x7ff1fd322910>, verb_name='build', verb_parser=<colcon_defaults.argument_parser.defaults.DefaultArgumentsDecorator object at 0x7ff1fd322e80>)
[0.218s] Level 1:colcon.colcon_core.package_discovery:discover_packages(colcon_meta) check parameters
[0.218s] Level 1:colcon.colcon_core.package_discovery:discover_packages(recursive) check parameters
[0.218s] Level 1:colcon.colcon_core.package_discovery:discover_packages(ignore) check parameters
[0.218s] Level 1:colcon.colcon_core.package_discovery:discover_packages(path) check parameters
[0.218s] Level 1:colcon.colcon_core.package_discovery:discover_packages(colcon_meta) discover
[0.218s] Level 1:colcon.colcon_core.package_discovery:discover_packages(recursive) discover
[0.218s] INFO:colcon.colcon_core.package_discovery:Crawling recursively for packages in '/home/bot/ros2_ws/tuto_move'
[0.218s] Level 1:colcon.colcon_core.package_identification:_identify(.) by extensions ['ignore', 'ignore_ament_install']
[0.218s] Level 1:colcon.colcon_core.package_identification:_identify(.) by extension 'ignore'
[0.218s] Level 1:colcon.colcon_core.package_identification:_identify(.) by extension 'ignore_ament_install'
[0.218s] Level 1:colcon.colcon_core.package_identification:_identify(.) by extensions ['colcon_pkg']
[0.218s] Level 1:colcon.colcon_core.package_identification:_identify(.) by extension 'colcon_pkg'
[0.219s] Level 1:colcon.colcon_core.package_identification:_identify(.) by extensions ['colcon_meta']
[0.219s] Level 1:colcon.colcon_core.package_identification:_identify(.) by extension 'colcon_meta'
[0.219s] Level 1:colcon.colcon_core.package_identification:_identify(.) by extensions ['ros']
[0.219s] Level 1:colcon.colcon_core.package_identification:_identify(.) by extension 'ros'
[0.236s] DEBUG:colcon.colcon_core.package_identification:Package '.' with type 'ros.ament_python' and name 'tuto_move'
[0.236s] Level 1:colcon.colcon_core.package_discovery:discover_packages(recursive) using defaults
[0.236s] Level 1:colcon.colcon_core.package_discovery:discover_packages(ignore) discover
[0.237s] Level 1:colcon.colcon_core.package_discovery:discover_packages(ignore) using defaults
[0.237s] Level 1:colcon.colcon_core.package_discovery:discover_packages(path) discover
[0.237s] Level 1:colcon.colcon_core.package_discovery:discover_packages(path) using defaults
[0.275s] Level 1:colcon.colcon_core.package_discovery:discover_packages(prefix_path) check parameters
[0.275s] Level 1:colcon.colcon_core.package_discovery:discover_packages(prefix_path) discover
[0.279s] DEBUG:colcon.colcon_installed_package_information.package_discovery:Found 6 installed packages in /home/bot/ros2_ws/install
[0.281s] DEBUG:colcon.colcon_installed_package_information.package_discovery:Found 305 installed packages in /opt/ros/foxy
[0.283s] Level 1:colcon.colcon_core.package_discovery:discover_packages(prefix_path) using defaults
[0.379s] Level 5:colcon.colcon_core.verb:set package 'tuto_move' build argument 'cmake_args' from command line to 'None'
[0.379s] Level 5:colcon.colcon_core.verb:set package 'tuto_move' build argument 'cmake_target' from command line to 'None'
[0.379s] Level 5:colcon.colcon_core.verb:set package 'tuto_move' build argument 'cmake_target_skip_unavailable' from command line to 'False'
[0.379s] Level 5:colcon.colcon_core.verb:set package 'tuto_move' build argument 'cmake_clean_cache' from command line to 'False'
[0.379s] Level 5:colcon.colcon_core.verb:set package 'tuto_move' build argument 'cmake_clean_first' from command line to 'False'
[0.379s] Level 5:colcon.colcon_core.verb:set package 'tuto_move' build argument 'cmake_force_configure' from command line to 'False'
[0.379s] Level 5:colcon.colcon_core.verb:set package 'tuto_move' build argument 'ament_cmake_args' from command line to 'None'
[0.379s] Level 5:colcon.colcon_core.verb:set package 'tuto_move' build argument 'catkin_cmake_args' from command line to 'None'
[0.379s] Level 5:colcon.colcon_core.verb:set package 'tuto_move' build argument 'catkin_skip_building_tests' from command line to 'False'
[0.379s] DEBUG:colcon.colcon_core.verb:Building package 'tuto_move' with the following arguments: {'ament_cmake_args': None, 'build_base': '/home/bot/ros2_ws/tuto_move/build/tuto_move', 'catkin_cmake_args': None, 'catkin_skip_building_tests': False, 'cmake_args': None, 'cmake_clean_cache': False, 'cmake_clean_first': False, 'cmake_force_configure': False, 'cmake_target': None, 'cmake_target_skip_unavailable': False, 'install_base': '/home/bot/ros2_ws/tuto_move/install/tuto_move', 'merge_install': False, 'path': '/home/bot/ros2_ws/tuto_move', 'symlink_install': False, 'test_result_base': None}
[0.380s] INFO:colcon.colcon_core.executor:Executing jobs using 'parallel' executor
[0.385s] DEBUG:colcon.colcon_parallel_executor.executor.parallel:run_until_complete
[0.385s] INFO:colcon.colcon_ros.task.ament_python.build:Building ROS package in '/home/bot/ros2_ws/tuto_move' with build type 'ament_python'
[0.385s] Level 1:colcon.colcon_core.shell:create_environment_hook('tuto_move', 'ament_prefix_path')
[0.391s] INFO:colcon.colcon_core.plugin_system:Skipping extension 'colcon_core.shell.bat': Not used on non-Windows systems
[0.391s] INFO:colcon.colcon_core.shell:Creating environment hook '/home/bot/ros2_ws/tuto_move/install/tuto_move/share/tuto_move/hook/ament_prefix_path.ps1'
[0.392s] INFO:colcon.colcon_core.shell:Creating environment descriptor '/home/bot/ros2_ws/tuto_move/install/tuto_move/share/tuto_move/hook/ament_prefix_path.dsv'
[0.392s] INFO:colcon.colcon_core.shell:Creating environment hook '/home/bot/ros2_ws/tuto_move/install/tuto_move/share/tuto_move/hook/ament_prefix_path.sh'
[0.394s] INFO:colcon.colcon_core.shell:Skip shell extension 'powershell' for command environment: Not usable outside of PowerShell
[0.394s] DEBUG:colcon.colcon_core.shell:Skip shell extension 'dsv' for command environment
[0.700s] INFO:colcon.colcon_core.task.python.build:Building Python package in '/home/bot/ros2_ws/tuto_move'
[0.702s] INFO:colcon.colcon_core.shell:Skip shell extension 'powershell' for command environment: Not usable outside of PowerShell
[0.702s] DEBUG:colcon.colcon_core.shell:Skip shell extension 'dsv' for command environment
[1.259s] DEBUG:colcon.colcon_core.event_handler.log_command:Invoking command in '/home/bot/ros2_ws/tuto_move': PYTHONPATH=/home/bot/ros2_ws/tuto_move/build/tuto_move/prefix_override:/home/bot/ros2_ws/tuto_move/install/tuto_move/lib/python3.8/site-packages:${PYTHONPATH} /usr/bin/python3 setup.py egg_info --egg-base build/tuto_move build --build-base /home/bot/ros2_ws/tuto_move/build/tuto_move/build install --record /home/bot/ros2_ws/tuto_move/build/tuto_move/install.log --install-scripts $base/lib/tuto_move --single-version-externally-managed
[1.676s] DEBUG:colcon.colcon_core.event_handler.log_command:Invoked command in '/home/bot/ros2_ws/tuto_move' returned '0': PYTHONPATH=/home/bot/ros2_ws/tuto_move/build/tuto_move/prefix_override:/home/bot/ros2_ws/tuto_move/install/tuto_move/lib/python3.8/site-packages:${PYTHONPATH} /usr/bin/python3 setup.py egg_info --egg-base build/tuto_move build --build-base /home/bot/ros2_ws/tuto_move/build/tuto_move/build install --record /home/bot/ros2_ws/tuto_move/build/tuto_move/install.log --install-scripts $base/lib/tuto_move --single-version-externally-managed
[1.686s] Level 1:colcon.colcon_core.environment:checking '/home/bot/ros2_ws/tuto_move/install/tuto_move' for CMake module files
[1.686s] Level 1:colcon.colcon_core.environment:checking '/home/bot/ros2_ws/tuto_move/install/tuto_move' for CMake config files
[1.687s] Level 1:colcon.colcon_core.environment:checking '/home/bot/ros2_ws/tuto_move/install/tuto_move/lib'
[1.688s] Level 1:colcon.colcon_core.environment:checking '/home/bot/ros2_ws/tuto_move/install/tuto_move/bin'
[1.688s] Level 1:colcon.colcon_core.environment:checking '/home/bot/ros2_ws/tuto_move/install/tuto_move/lib/pkgconfig/tuto_move.pc'
[1.688s] Level 1:colcon.colcon_core.environment:checking '/home/bot/ros2_ws/tuto_move/install/tuto_move/lib/python3.8/site-packages'
[1.688s] Level 1:colcon.colcon_core.shell:create_environment_hook('tuto_move', 'pythonpath')
[1.690s] INFO:colcon.colcon_core.shell:Creating environment hook '/home/bot/ros2_ws/tuto_move/install/tuto_move/share/tuto_move/hook/pythonpath.ps1'
[1.691s] INFO:colcon.colcon_core.shell:Creating environment descriptor '/home/bot/ros2_ws/tuto_move/install/tuto_move/share/tuto_move/hook/pythonpath.dsv'
[1.692s] INFO:colcon.colcon_core.shell:Creating environment hook '/home/bot/ros2_ws/tuto_move/install/tuto_move/share/tuto_move/hook/pythonpath.sh'
[1.692s] Level 1:colcon.colcon_core.environment:checking '/home/bot/ros2_ws/tuto_move/install/tuto_move/bin'
[1.692s] Level 1:colcon.colcon_core.environment:create_environment_scripts_only(tuto_move)
[1.695s] INFO:colcon.colcon_core.shell:Creating package script '/home/bot/ros2_ws/tuto_move/install/tuto_move/share/tuto_move/package.ps1'
[1.696s] INFO:colcon.colcon_core.shell:Creating package descriptor '/home/bot/ros2_ws/tuto_move/install/tuto_move/share/tuto_move/package.dsv'
[1.696s] INFO:colcon.colcon_core.shell:Creating package script '/home/bot/ros2_ws/tuto_move/install/tuto_move/share/tuto_move/package.sh'
[1.697s] INFO:colcon.colcon_core.shell:Creating package script '/home/bot/ros2_ws/tuto_move/install/tuto_move/share/tuto_move/package.bash'
[1.698s] INFO:colcon.colcon_core.shell:Creating package script '/home/bot/ros2_ws/tuto_move/install/tuto_move/share/tuto_move/package.zsh'
[1.699s] Level 1:colcon.colcon_core.environment:create_file_with_runtime_dependencies(/home/bot/ros2_ws/tuto_move/install/tuto_move/share/colcon-core/packages/tuto_move)
[1.700s] DEBUG:colcon.colcon_parallel_executor.executor.parallel:closing loop
[1.700s] DEBUG:colcon.colcon_parallel_executor.executor.parallel:loop closed
[1.700s] DEBUG:colcon.colcon_parallel_executor.executor.parallel:run_until_complete finished with '0'
[1.700s] DEBUG:colcon.colcon_core.event_reactor:joining thread
[1.711s] INFO:colcon.colcon_core.plugin_system:Skipping extension 'colcon_notification.desktop_notification.terminal_notifier': Not used on non-Darwin systems
[1.711s] INFO:colcon.colcon_core.plugin_system:Skipping extension 'colcon_notification.desktop_notification.win32': Not used on non-Windows systems
[1.711s] INFO:colcon.colcon_notification.desktop_notification:Sending desktop notification using 'notify2'
[1.730s] DEBUG:colcon.colcon_core.event_reactor:joined thread
[1.732s] INFO:colcon.colcon_core.shell:Creating prefix script '/home/bot/ros2_ws/tuto_move/install/local_setup.ps1'
[1.733s] INFO:colcon.colcon_core.shell:Creating prefix util module '/home/bot/ros2_ws/tuto_move/install/_local_setup_util_ps1.py'
[1.735s] INFO:colcon.colcon_core.shell:Creating prefix chain script '/home/bot/ros2_ws/tuto_move/install/setup.ps1'
[1.738s] INFO:colcon.colcon_core.shell:Creating prefix script '/home/bot/ros2_ws/tuto_move/install/local_setup.sh'
[1.738s] INFO:colcon.colcon_core.shell:Creating prefix util module '/home/bot/ros2_ws/tuto_move/install/_local_setup_util_sh.py'
[1.739s] INFO:colcon.colcon_core.shell:Creating prefix chain script '/home/bot/ros2_ws/tuto_move/install/setup.sh'
[1.741s] INFO:colcon.colcon_core.shell:Creating prefix script '/home/bot/ros2_ws/tuto_move/install/local_setup.bash'
[1.742s] INFO:colcon.colcon_core.shell:Creating prefix chain script '/home/bot/ros2_ws/tuto_move/install/setup.bash'
[1.744s] INFO:colcon.colcon_core.shell:Creating prefix script '/home/bot/ros2_ws/tuto_move/install/local_setup.zsh'
[1.744s] INFO:colcon.colcon_core.shell:Creating prefix chain script '/home/bot/ros2_ws/tuto_move/install/setup.zsh'
